\BOOKMARK [0][-]{Doc-Start}{ABSTRACT}{}% 1
\BOOKMARK [0][-]{chapter*.1}{ACKNOWLEDGMENTS}{}% 2
\BOOKMARK [0][-]{chapter*.3}{LIST OF ABBREVIATIONS}{}% 3
\BOOKMARK [0][-]{chapter.1}{INTRODUCTION}{}% 4
\BOOKMARK [1][-]{section.1.1}{Background}{chapter.1}% 5
\BOOKMARK [2][-]{subsection.1.1.1}{Machine Learning Overview}{section.1.1}% 6
\BOOKMARK [1][-]{section.1.2}{Problem Statement}{chapter.1}% 7
\BOOKMARK [1][-]{section.1.3}{Significance}{chapter.1}% 8
\BOOKMARK [1][-]{section.1.4}{Limitations}{chapter.1}% 9
\BOOKMARK [1][-]{section.1.5}{Outline}{chapter.1}% 10
\BOOKMARK [0][-]{chapter.2}{LITERATURE REVIEW}{}% 11
\BOOKMARK [1][-]{section.2.1}{Introduction}{chapter.2}% 12
\BOOKMARK [1][-]{section.2.2}{Related Work}{chapter.2}% 13
\BOOKMARK [0][-]{chapter.3}{METHODOLOGY}{}% 14
\BOOKMARK [1][-]{section.3.1}{Introduction}{chapter.3}% 15
\BOOKMARK [1][-]{section.3.2}{Exploratory Data Analysis}{chapter.3}% 16
\BOOKMARK [1][-]{section.3.3}{Data Preparation}{chapter.3}% 17
\BOOKMARK [2][-]{subsection.3.3.1}{Missing Data}{section.3.3}% 18
\BOOKMARK [2][-]{subsection.3.3.2}{Outliers}{section.3.3}% 19
\BOOKMARK [2][-]{subsection.3.3.3}{Feature Selection}{section.3.3}% 20
\BOOKMARK [2][-]{subsection.3.3.4}{Feature Engineering}{section.3.3}% 21
\BOOKMARK [2][-]{subsection.3.3.5}{Data Splitting}{section.3.3}% 22
\BOOKMARK [1][-]{section.3.4}{Model Selection}{chapter.3}% 23
\BOOKMARK [2][-]{subsection.3.4.1}{Criteria to Measure Performance}{section.3.4}% 24
\BOOKMARK [2][-]{subsection.3.4.2}{Predictive Modeling}{section.3.4}% 25
\BOOKMARK [0][-]{chapter.4}{DATA COLLECTION, ANALYSIS AND RESULTS}{}% 26
\BOOKMARK [1][-]{section.4.1}{Original Dataset}{chapter.4}% 27
\BOOKMARK [1][-]{section.4.2}{Results}{chapter.4}% 28
\BOOKMARK [0][-]{chapter.5}{CONCLUSION AND RECOMMENDATIONS}{}% 29
\BOOKMARK [1][-]{section.5.1}{Conclusion}{chapter.5}% 30
\BOOKMARK [1][-]{section.5.2}{Recommendation}{chapter.5}% 31
\BOOKMARK [0][-]{section.5.2}{REFERENCES}{}% 32
\BOOKMARK [0][-]{chapter*.31}{APPENDIX A: Additional Informative Figures and Tables}{}% 33
